2025-08-24 10:41:44 | INFO     | MainThread | Starting of the scraper
2025-08-24 10:41:44 | INFO     | MainThread | Starting of the scraper
2025-08-24 10:41:49 | CRITICAL | MainThread | CAPTCHA DETECTED ON AMAZON - CHANGE OF VPN
2025-08-24 10:41:49 | CRITICAL | MainThread | CAPTCHA DETECTED ON AMAZON - CHANGE OF VPN
2025-08-24 10:43:31 | INFO     | MainThread | Starting of the scraper
2025-08-24 10:43:31 | INFO     | MainThread | Starting of the scraper
2025-08-24 10:43:35 | CRITICAL | MainThread | CAPTCHA DETECTED ON AMAZON - CHANGE OF VPN
2025-08-24 10:43:35 | CRITICAL | MainThread | CAPTCHA DETECTED ON AMAZON - CHANGE OF VPN
2025-08-24 10:43:47 | INFO     | MainThread | Starting of the scraper
2025-08-24 10:43:47 | INFO     | MainThread | Starting of the scraper
2025-08-24 10:43:53 | DEBUG    | MainThread | DONE_24_08_10_43_53.json -> Aliexpress file created
2025-08-24 10:43:53 | DEBUG    | MainThread | DONE_24_08_10_43_53.json -> Aliexpress file created
2025-08-24 10:43:53 | DEBUG    | MainThread | DONE_24_08_10_43_53_DONE.json -> Google trend file created
2025-08-24 10:43:53 | DEBUG    | MainThread | DONE_24_08_10_43_53_DONE.json -> Google trend file created
2025-08-24 10:43:57 | INFO     | MainThread | Starting of the scraper
2025-08-24 10:43:57 | INFO     | MainThread | Starting of the scraper
2025-08-24 10:44:01 | CRITICAL | MainThread | CAPTCHA DETECTED ON AMAZON - CHANGE OF VPN
2025-08-24 10:44:01 | CRITICAL | MainThread | CAPTCHA DETECTED ON AMAZON - CHANGE OF VPN
2025-08-24 10:44:34 | INFO     | MainThread | Starting of the scraper
2025-08-24 10:44:34 | INFO     | MainThread | Starting of the scraper
2025-08-24 10:44:39 | CRITICAL | MainThread | CAPTCHA DETECTED ON AMAZON - CHANGE OF VPN
2025-08-24 10:44:39 | CRITICAL | MainThread | CAPTCHA DETECTED ON AMAZON - CHANGE OF VPN
2025-08-24 10:44:58 | DEBUG    | MainThread | DONE_24_08_10_44_58.json -> Aliexpress file created
2025-08-24 10:44:58 | DEBUG    | MainThread | DONE_24_08_10_44_58.json -> Aliexpress file created
2025-08-24 10:44:58 | DEBUG    | MainThread | DONE_24_08_10_44_58_DONE.json -> Google trend file created
2025-08-24 10:44:58 | DEBUG    | MainThread | DONE_24_08_10_44_58_DONE.json -> Google trend file created
2025-08-24 10:45:03 | CRITICAL | MainThread | CAPTCHA DETECTED ON AMAZON - CHANGE OF VPN
2025-08-24 10:45:03 | CRITICAL | MainThread | CAPTCHA DETECTED ON AMAZON - CHANGE OF VPN
2025-08-24 10:55:55 | INFO     | MainThread | Starting of the scraper
2025-08-24 10:55:55 | INFO     | MainThread | Starting of the scraper
2025-08-24 10:56:21 | INFO     | MainThread | Starting of the scraper
2025-08-24 10:56:21 | INFO     | MainThread | Starting of the scraper
2025-08-24 10:56:25 | CRITICAL | MainThread | CAPTCHA DETECTED ON AMAZON - CHANGE OF VPN
2025-08-24 10:56:25 | CRITICAL | MainThread | CAPTCHA DETECTED ON AMAZON - CHANGE OF VPN
2025-08-24 10:56:43 | INFO     | MainThread | Starting of the scraper
2025-08-24 10:56:43 | INFO     | MainThread | Starting of the scraper
2025-08-24 11:02:35 | INFO     | MainThread | Starting of the scraper
2025-08-24 11:02:35 | INFO     | MainThread | Starting of the scraper
2025-08-24 11:03:16 | DEBUG    | MainThread | DONE_24_08_11_02_49.json -> Aliexpress file created
2025-08-24 11:03:16 | DEBUG    | MainThread | DONE_24_08_11_02_49.json -> Aliexpress file created
2025-08-24 11:03:21 | DEBUG    | MainThread | DONE_24_08_11_02_49_DONE.json -> Google trend file created
2025-08-24 11:03:21 | DEBUG    | MainThread | DONE_24_08_11_02_49_DONE.json -> Google trend file created
2025-08-24 11:03:38 | DEBUG    | MainThread | DONE_24_08_11_03_38.json -> Aliexpress file created
2025-08-24 11:03:38 | DEBUG    | MainThread | DONE_24_08_11_03_38.json -> Aliexpress file created
2025-08-24 11:03:38 | DEBUG    | MainThread | DONE_24_08_11_03_38_DONE.json -> Google trend file created
2025-08-24 11:03:38 | DEBUG    | MainThread | DONE_24_08_11_03_38_DONE.json -> Google trend file created
2025-08-24 11:08:42 | INFO     | MainThread | Starting of the scraper
2025-08-24 11:08:42 | INFO     | MainThread | Starting of the scraper
2025-08-24 11:08:53 | DEBUG    | MainThread | DONE_24_08_11_08_53.json -> Aliexpress file created
2025-08-24 11:08:53 | DEBUG    | MainThread | DONE_24_08_11_08_53.json -> Aliexpress file created
2025-08-24 11:08:53 | DEBUG    | MainThread | DONE_24_08_11_08_53_DONE.json -> Google trend file created
2025-08-24 11:08:53 | DEBUG    | MainThread | DONE_24_08_11_08_53_DONE.json -> Google trend file created
2025-08-24 11:20:36 | INFO     | MainThread | Starting of the scraper
2025-08-24 11:20:36 | INFO     | MainThread | Starting of the scraper
2025-08-24 11:21:16 | DEBUG    | MainThread | DONE_24_08_11_20_49.json -> Aliexpress file created
2025-08-24 11:21:16 | DEBUG    | MainThread | DONE_24_08_11_20_49.json -> Aliexpress file created
2025-08-24 11:21:21 | DEBUG    | MainThread | DONE_24_08_11_20_49_DONE.json -> Google trend file created
2025-08-24 11:21:21 | DEBUG    | MainThread | DONE_24_08_11_20_49_DONE.json -> Google trend file created
2025-08-24 11:21:23 | DEBUG    | MainThread | DONE_24_08_11_21_23.json -> Aliexpress file created
2025-08-24 11:21:23 | DEBUG    | MainThread | DONE_24_08_11_21_23.json -> Aliexpress file created
2025-08-24 11:21:23 | DEBUG    | MainThread | DONE_24_08_11_21_23_DONE.json -> Google trend file created
2025-08-24 11:21:23 | DEBUG    | MainThread | DONE_24_08_11_21_23_DONE.json -> Google trend file created
2025-08-24 11:23:16 | INFO     | MainThread | Starting of the scraper
2025-08-24 11:23:16 | INFO     | MainThread | Starting of the scraper
2025-08-24 11:24:44 | INFO     | MainThread | Starting of the scraper
2025-08-24 11:24:44 | INFO     | MainThread | Starting of the scraper
2025-08-24 11:25:44 | DEBUG    | MainThread | DONE_24_08_11_24_59.json -> Aliexpress file created
2025-08-24 11:25:44 | DEBUG    | MainThread | DONE_24_08_11_24_59.json -> Aliexpress file created
2025-08-24 11:25:50 | DEBUG    | MainThread | DONE_24_08_11_24_59_DONE.json -> Google trend file created
2025-08-24 11:25:50 | DEBUG    | MainThread | DONE_24_08_11_24_59_DONE.json -> Google trend file created
2025-08-24 11:26:50 | DEBUG    | MainThread | DONE_24_08_11_26_04.json -> Aliexpress file created
2025-08-24 11:26:50 | DEBUG    | MainThread | DONE_24_08_11_26_04.json -> Aliexpress file created
2025-08-24 11:26:55 | DEBUG    | MainThread | DONE_24_08_11_26_04_DONE.json -> Google trend file created
2025-08-24 11:26:55 | DEBUG    | MainThread | DONE_24_08_11_26_04_DONE.json -> Google trend file created
2025-08-25 11:29:52 | INFO     | MainThread | Starting of the scraper
2025-08-25 11:29:52 | INFO     | MainThread | Starting of the scraper
2025-08-25 11:30:10 | DEBUG    | MainThread | DONE_25_08_11_30_10.json -> Aliexpress file created
2025-08-25 11:30:10 | DEBUG    | MainThread | DONE_25_08_11_30_10.json -> Aliexpress file created
2025-08-25 11:30:10 | DEBUG    | MainThread | DONE_25_08_11_30_10_DONE.json -> Google trend file created
2025-08-25 11:30:10 | DEBUG    | MainThread | DONE_25_08_11_30_10_DONE.json -> Google trend file created
2025-08-25 11:30:10 | WARNING  | MainThread | Automatic VPN change
2025-08-25 11:30:10 | WARNING  | MainThread | Automatic VPN change
2025-08-25 11:31:14 | DEBUG    | MainThread | DONE_25_08_11_30_45.json -> Aliexpress file created
2025-08-25 11:31:14 | DEBUG    | MainThread | DONE_25_08_11_30_45.json -> Aliexpress file created
2025-08-25 11:31:30 | DEBUG    | MainThread | DONE_25_08_11_30_45_DONE.json -> Google trend file created
2025-08-25 11:31:30 | DEBUG    | MainThread | DONE_25_08_11_30_45_DONE.json -> Google trend file created
2025-08-25 11:31:30 | WARNING  | MainThread | Automatic VPN change
2025-08-25 11:31:30 | WARNING  | MainThread | Automatic VPN change
2025-08-26 18:32:04 | INFO     | MainThread | Starting of the scraper
2025-08-26 18:32:04 | INFO     | MainThread | Starting of the scraper
2025-08-26 18:32:40 | INFO     | MainThread | Starting of the scraper
2025-08-26 18:32:40 | INFO     | MainThread | Starting of the scraper
2025-08-26 18:33:18 | INFO     | MainThread | Starting of the scraper
2025-08-26 18:33:18 | INFO     | MainThread | Starting of the scraper
2025-08-26 18:37:50 | INFO     | MainThread | Starting of the scraper
2025-08-26 18:37:50 | INFO     | MainThread | Starting of the scraper
2025-08-26 18:38:26 | INFO     | MainThread | Starting of the scraper
2025-08-26 18:38:26 | INFO     | MainThread | Starting of the scraper
2025-08-26 18:40:07 | INFO     | MainThread | Starting of the scraper
2025-08-26 18:40:07 | INFO     | MainThread | Starting of the scraper
2025-08-26 18:40:23 | DEBUG    | MainThread | DONE_26_08_18_40_23.json -> Aliexpress file created
2025-08-26 18:40:23 | DEBUG    | MainThread | DONE_26_08_18_40_23.json -> Aliexpress file created
2025-08-26 18:40:23 | DEBUG    | MainThread | DONE_26_08_18_40_23_DONE.json -> Google trend file created
2025-08-26 18:40:23 | DEBUG    | MainThread | DONE_26_08_18_40_23_DONE.json -> Google trend file created
2025-08-26 18:40:25 | DEBUG    | MainThread | DONE_26_08_18_40_25.json -> Aliexpress file created
2025-08-26 18:40:25 | DEBUG    | MainThread | DONE_26_08_18_40_25.json -> Aliexpress file created
2025-08-26 18:40:25 | DEBUG    | MainThread | DONE_26_08_18_40_25_DONE.json -> Google trend file created
2025-08-26 18:40:25 | DEBUG    | MainThread | DONE_26_08_18_40_25_DONE.json -> Google trend file created
2025-08-26 18:42:50 | INFO     | MainThread | Starting of the scraper
2025-08-26 18:42:50 | INFO     | MainThread | Starting of the scraper
2025-08-26 18:43:30 | DEBUG    | MainThread | DONE_26_08_18_43_04.json -> Aliexpress file created
2025-08-26 18:43:30 | DEBUG    | MainThread | DONE_26_08_18_43_04.json -> Aliexpress file created
2025-08-26 18:43:35 | DEBUG    | MainThread | DONE_26_08_18_43_04_DONE.json -> Google trend file created
2025-08-26 18:43:35 | DEBUG    | MainThread | DONE_26_08_18_43_04_DONE.json -> Google trend file created
2025-08-26 18:43:37 | DEBUG    | MainThread | DONE_26_08_18_43_37.json -> Aliexpress file created
2025-08-26 18:43:37 | DEBUG    | MainThread | DONE_26_08_18_43_37.json -> Aliexpress file created
2025-08-26 18:43:37 | DEBUG    | MainThread | DONE_26_08_18_43_37_DONE.json -> Google trend file created
2025-08-26 18:43:37 | DEBUG    | MainThread | DONE_26_08_18_43_37_DONE.json -> Google trend file created
2025-08-26 18:45:00 | INFO     | MainThread | Starting of the scraper
2025-08-26 18:45:00 | INFO     | MainThread | Starting of the scraper
2025-08-26 18:45:17 | DEBUG    | MainThread | DONE_26_08_18_45_17.json -> Aliexpress file created
2025-08-26 18:45:17 | DEBUG    | MainThread | DONE_26_08_18_45_17.json -> Aliexpress file created
2025-08-26 18:45:17 | DEBUG    | MainThread | DONE_26_08_18_45_17_DONE.json -> Google trend file created
2025-08-26 18:45:17 | DEBUG    | MainThread | DONE_26_08_18_45_17_DONE.json -> Google trend file created
2025-08-26 18:45:18 | DEBUG    | MainThread | DONE_26_08_18_45_18.json -> Aliexpress file created
2025-08-26 18:45:18 | DEBUG    | MainThread | DONE_26_08_18_45_18.json -> Aliexpress file created
2025-08-26 18:45:18 | DEBUG    | MainThread | DONE_26_08_18_45_18_DONE.json -> Google trend file created
2025-08-26 18:45:18 | DEBUG    | MainThread | DONE_26_08_18_45_18_DONE.json -> Google trend file created
2025-08-27 17:17:17 | INFO     | MainThread | Starting of the scraper
2025-08-27 17:17:17 | INFO     | MainThread | Starting of the scraper
2025-08-27 17:18:48 | INFO     | MainThread | Starting of the scraper
2025-08-27 17:18:48 | INFO     | MainThread | Starting of the scraper
2025-08-27 17:22:50 | INFO     | MainThread | Starting of the scraper
2025-08-27 17:22:50 | INFO     | MainThread | Starting of the scraper
2025-08-27 17:24:03 | DEBUG    | MainThread | DONE_27_08_17_23_13.json -> Aliexpress file created
2025-08-27 17:24:03 | DEBUG    | MainThread | DONE_27_08_17_23_13.json -> Aliexpress file created
2025-08-27 17:24:12 | DEBUG    | MainThread | DONE_27_08_17_23_13_DONE.json -> Google trend file created
2025-08-27 17:24:12 | DEBUG    | MainThread | DONE_27_08_17_23_13_DONE.json -> Google trend file created
2025-08-27 17:59:54 | INFO     | MainThread | Starting of the scraper
2025-08-27 18:00:04 | CRITICAL | MainThread | CAPTCHA DETECTED ON AMAZON - CHANGE OF VPN
2025-08-27 18:00:25 | DEBUG    | MainThread | DONE_27_08_18_00_25.json -> Aliexpress file created
2025-08-27 18:00:25 | DEBUG    | MainThread | DONE_27_08_18_00_25_DONE.json -> Google trend file created
2025-08-27 18:00:29 | DEBUG    | MainThread | DONE_27_08_18_00_29.json -> Aliexpress file created
2025-08-27 18:00:29 | DEBUG    | MainThread | DONE_27_08_18_00_29_DONE.json -> Google trend file created
